2023-06-13 14:57:31.196 [info] Extension host with pid 74450 started
2023-06-13 14:57:31.196 [info] Skipping acquiring lock for /home/fatih/.config/Code/User/workspaceStorage/e3a6b5bfdfec94cc21be233109323f26.
2023-06-13 14:57:31.461 [info] ExtensionService#_doActivateExtension vscode.git-base, startup: true, activationEvent: '*', root cause: vscode.git
2023-06-13 14:57:31.506 [info] ExtensionService#_doActivateExtension vscode.git, startup: true, activationEvent: '*'
2023-06-13 14:57:31.616 [info] ExtensionService#_doActivateExtension vscode.github, startup: true, activationEvent: '*'
2023-06-13 14:57:31.734 [info] Eager extensions activated
2023-06-13 14:57:31.759 [info] ExtensionService#_doActivateExtension vscode.github-authentication, startup: false, activationEvent: 'onAuthenticationRequest:github'
2023-06-13 14:57:31.865 [info] ExtensionService#_doActivateExtension vscode.debug-auto-launch, startup: false, activationEvent: 'onStartupFinished'
2023-06-13 14:57:31.870 [info] ExtensionService#_doActivateExtension vscode.merge-conflict, startup: false, activationEvent: 'onStartupFinished'
2023-06-13 14:57:31.910 [info] ExtensionService#_doActivateExtension dsznajder.es7-react-js-snippets, startup: false, activationEvent: 'onStartupFinished'
2023-06-13 14:57:32.548 [info] ExtensionService#_doActivateExtension ritwickdey.LiveServer, startup: false, activationEvent: 'onStartupFinished'
2023-06-13 14:57:32.673 [info] ExtensionService#_doActivateExtension GitHub.vscode-pull-request-github, startup: false, activationEvent: 'onStartupFinished'
2023-06-13 14:57:32.889 [info] ExtensionService#_doActivateExtension vscode.microsoft-authentication, startup: false, activationEvent: 'onAuthenticationRequest:microsoft'
2023-06-13 14:57:42.477 [info] ExtensionService#_doActivateExtension vscode.emmet, startup: false, activationEvent: 'onLanguage'
2023-06-13 15:02:34.172 [warning] [Decorations] CAPPING events from decorations provider vscode.git 10000
2023-06-13 15:03:57.115 [info] ExtensionService#_doActivateExtension vscode.json-language-features, startup: false, activationEvent: 'onLanguage:jsonc'
2023-06-13 15:03:57.235 [info] ExtensionService#_doActivateExtension vscode.typescript-language-features, startup: false, activationEvent: 'onLanguage:jsonc'
2023-06-13 15:04:45.692 [warning] [Decorations] CAPPING events from decorations provider vscode.git 10762
2023-06-13 15:04:48.679 [warning] [Decorations] CAPPING events from decorations provider vscode.git 10000
2023-06-13 15:10:05.001 [warning] [Decorations] CAPPING events from decorations provider vscode.git 10324
