2023-06-13 14:57:32.801 [info] Reading sessions from keychain...
2023-06-13 14:57:32.801 [info] Getting sessions for all scopes...
2023-06-13 14:57:32.801 [info] Got 0 sessions for ...
2023-06-13 14:57:32.801 [info] Getting sessions for all scopes...
2023-06-13 14:57:32.801 [info] Got 0 sessions for ...
2023-06-13 14:57:32.801 [info] Getting sessions for user:email...
2023-06-13 14:57:32.801 [info] Got 0 sessions for user:email...
2023-06-13 14:57:33.004 [info] Getting sessions for read:user,repo,user:email,workflow...
2023-06-13 14:57:33.004 [info] Got 0 sessions for read:user,repo,user:email,workflow...
2023-06-13 14:57:33.013 [info] Getting sessions for all scopes...
2023-06-13 14:57:33.013 [info] Got 0 sessions for ...
2023-06-13 14:57:33.036 [info] Getting sessions for read:user,repo,user:email...
2023-06-13 14:57:33.036 [info] Got 0 sessions for read:user,repo,user:email...
2023-06-13 15:03:18.308 [info] Getting sessions for read:user,repo,user:email,workflow...
2023-06-13 15:03:18.308 [info] Got 0 sessions for read:user,repo,user:email,workflow...
2023-06-13 15:03:18.311 [info] Getting sessions for read:user,repo,user:email...
2023-06-13 15:03:18.311 [info] Got 0 sessions for read:user,repo,user:email...
2023-06-13 15:03:18.313 [info] Getting sessions for read:user,repo,user:email,workflow...
2023-06-13 15:03:18.313 [info] Got 0 sessions for read:user,repo,user:email,workflow...
2023-06-13 15:03:19.731 [info] Logging in for the following scopes: read:user repo user:email workflow
2023-06-13 15:03:19.746 [info] Trying without local server... (read:user repo user:email workflow)
2023-06-13 15:08:19.792 [error] Timed out
